<?xml version="1.0" encoding="utf-8"?>
<coverage line-rate="0.6927" branch-rate="0.5638000000000001" version="1.9" timestamp="1668109923" lines-covered="354" lines-valid="511" branches-covered="53" branches-valid="94">
  <sources>
    <source>C:\Users\andrew\</source>
  </sources>
  <packages>
    <package name="BLL" line-rate="0.7448" branch-rate="0.6428" complexity="25">
      <classes>
        <class name="BLL.GameLogic" filename="Desktop\Term-Paper-main\BLL\GameLogic.cs" line-rate="0.5789" branch-rate="0" complexity="5">
          <methods>
            <method name="AddGame" signature="(DAL.Game,DAL.Stadium)" line-rate="1" branch-rate="1" complexity="1">
              <lines>
                <line number="8" hits="3" branch="False" />
                <line number="9" hits="3" branch="False" />
                <line number="10" hits="3" branch="False" />
                <line number="11" hits="3" branch="False" />
                <line number="12" hits="3" branch="False" />
              </lines>
            </method>
            <method name="ReplaceGame" signature="(DAL.Game,DAL.Stadium,System.Int32)" line-rate="1" branch-rate="1" complexity="1">
              <lines>
                <line number="14" hits="1" branch="False" />
                <line number="15" hits="1" branch="False" />
                <line number="16" hits="1" branch="False" />
                <line number="17" hits="1" branch="False" />
                <line number="18" hits="1" branch="False" />
                <line number="19" hits="1" branch="False" />
              </lines>
            </method>
            <method name="FindGame" signature="(System.String)" line-rate="0" branch-rate="0" complexity="2">
              <lines>
                <line number="22" hits="0" branch="False" />
                <line number="23" hits="0" branch="True" condition-coverage="0% (0/2)">
                  <conditions>
                    <condition number="22" type="jump" coverage="0%" />
                  </conditions>
                </line>
                <line number="24" hits="0" branch="False" />
                <line number="25" hits="0" branch="False" />
              </lines>
            </method>
            <method name="FindGameByDate" signature="(System.DateTime)" line-rate="0" branch-rate="1" complexity="1">
              <lines>
                <line number="27" hits="0" branch="False" />
                <line number="28" hits="0" branch="False" />
                <line number="29" hits="0" branch="False" />
                <line number="30" hits="0" branch="False" />
              </lines>
            </method>
          </methods>
          <lines>
            <line number="8" hits="3" branch="False" />
            <line number="9" hits="3" branch="False" />
            <line number="10" hits="3" branch="False" />
            <line number="11" hits="3" branch="False" />
            <line number="12" hits="3" branch="False" />
            <line number="14" hits="1" branch="False" />
            <line number="15" hits="1" branch="False" />
            <line number="16" hits="1" branch="False" />
            <line number="17" hits="1" branch="False" />
            <line number="18" hits="1" branch="False" />
            <line number="19" hits="1" branch="False" />
            <line number="22" hits="0" branch="False" />
            <line number="23" hits="0" branch="True" condition-coverage="0% (0/2)">
              <conditions>
                <condition number="22" type="jump" coverage="0%" />
              </conditions>
            </line>
            <line number="24" hits="0" branch="False" />
            <line number="25" hits="0" branch="False" />
            <line number="27" hits="0" branch="False" />
            <line number="28" hits="0" branch="False" />
            <line number="29" hits="0" branch="False" />
            <line number="30" hits="0" branch="False" />
          </lines>
        </class>
        <class name="BLL.ListsLogic" filename="Desktop\Term-Paper-main\BLL\ListsLogic.cs" line-rate="0.7045" branch-rate="0.875" complexity="10">
          <methods>
            <method name="SaveLists" signature="()" line-rate="1" branch-rate="1" complexity="1">
              <lines>
                <line number="9" hits="1" branch="False" />
                <line number="10" hits="1" branch="False" />
                <line number="11" hits="1" branch="False" />
                <line number="12" hits="1" branch="False" />
                <line number="13" hits="1" branch="False" />
                <line number="15" hits="1" branch="False" />
                <line number="16" hits="1" branch="False" />
                <line number="17" hits="1" branch="False" />
                <line number="18" hits="1" branch="False" />
                <line number="19" hits="1" branch="False" />
                <line number="20" hits="1" branch="False" />
              </lines>
            </method>
            <method name="Remove" signature="(System.String,System.Int32)" line-rate="0.5357" branch-rate="0.875" complexity="8">
              <lines>
                <line number="22" hits="4" branch="False" />
                <line number="23" hits="4" branch="True" condition-coverage="87.5% (7/8)">
                  <conditions>
                    <condition number="21" type="jump" coverage="100%" />
                    <condition number="34" type="jump" coverage="100%" />
                    <condition number="47" type="jump" coverage="100%" />
                    <condition number="60" type="jump" coverage="50%" />
                  </conditions>
                </line>
                <line number="27" hits="1" branch="False" />
                <line number="28" hits="1" branch="False" />
                <line number="29" hits="1" branch="False" />
                <line number="31" hits="0" branch="False" />
                <line number="32" hits="0" branch="False" />
                <line number="33" hits="0" branch="False" />
                <line number="38" hits="1" branch="False" />
                <line number="39" hits="1" branch="False" />
                <line number="40" hits="1" branch="False" />
                <line number="42" hits="0" branch="False" />
                <line number="43" hits="0" branch="False" />
                <line number="44" hits="0" branch="False" />
                <line number="49" hits="1" branch="False" />
                <line number="50" hits="1" branch="False" />
                <line number="51" hits="1" branch="False" />
                <line number="53" hits="0" branch="False" />
                <line number="54" hits="0" branch="False" />
                <line number="55" hits="0" branch="False" />
                <line number="60" hits="1" branch="False" />
                <line number="61" hits="1" branch="False" />
                <line number="62" hits="1" branch="False" />
                <line number="64" hits="0" branch="False" />
                <line number="65" hits="0" branch="False" />
                <line number="66" hits="0" branch="False" />
                <line number="70" hits="0" branch="False" />
                <line number="73" hits="4" branch="False" />
              </lines>
            </method>
            <method name="SaveSavingCatalog" signature="(System.String)" line-rate="1" branch-rate="1" complexity="1">
              <lines>
                <line number="76" hits="2" branch="False" />
                <line number="77" hits="2" branch="False" />
                <line number="78" hits="2" branch="False" />
                <line number="79" hits="2" branch="False" />
                <line number="80" hits="2" branch="False" />
              </lines>
            </method>
          </methods>
          <lines>
            <line number="9" hits="1" branch="False" />
            <line number="10" hits="1" branch="False" />
            <line number="11" hits="1" branch="False" />
            <line number="12" hits="1" branch="False" />
            <line number="13" hits="1" branch="False" />
            <line number="15" hits="1" branch="False" />
            <line number="16" hits="1" branch="False" />
            <line number="17" hits="1" branch="False" />
            <line number="18" hits="1" branch="False" />
            <line number="19" hits="1" branch="False" />
            <line number="20" hits="1" branch="False" />
            <line number="22" hits="4" branch="False" />
            <line number="23" hits="4" branch="True" condition-coverage="87.5% (7/8)">
              <conditions>
                <condition number="21" type="jump" coverage="100%" />
                <condition number="34" type="jump" coverage="100%" />
                <condition number="47" type="jump" coverage="100%" />
                <condition number="60" type="jump" coverage="50%" />
              </conditions>
            </line>
            <line number="27" hits="1" branch="False" />
            <line number="28" hits="1" branch="False" />
            <line number="29" hits="1" branch="False" />
            <line number="31" hits="0" branch="False" />
            <line number="32" hits="0" branch="False" />
            <line number="33" hits="0" branch="False" />
            <line number="38" hits="1" branch="False" />
            <line number="39" hits="1" branch="False" />
            <line number="40" hits="1" branch="False" />
            <line number="42" hits="0" branch="False" />
            <line number="43" hits="0" branch="False" />
            <line number="44" hits="0" branch="False" />
            <line number="49" hits="1" branch="False" />
            <line number="50" hits="1" branch="False" />
            <line number="51" hits="1" branch="False" />
            <line number="53" hits="0" branch="False" />
            <line number="54" hits="0" branch="False" />
            <line number="55" hits="0" branch="False" />
            <line number="60" hits="1" branch="False" />
            <line number="61" hits="1" branch="False" />
            <line number="62" hits="1" branch="False" />
            <line number="64" hits="0" branch="False" />
            <line number="65" hits="0" branch="False" />
            <line number="66" hits="0" branch="False" />
            <line number="70" hits="0" branch="False" />
            <line number="73" hits="4" branch="False" />
            <line number="76" hits="2" branch="False" />
            <line number="77" hits="2" branch="False" />
            <line number="78" hits="2" branch="False" />
            <line number="79" hits="2" branch="False" />
            <line number="80" hits="2" branch="False" />
          </lines>
        </class>
        <class name="BLL.PlayerLogic" filename="Desktop\Term-Paper-main\BLL\PlayerLogic.cs" line-rate="1" branch-rate="1" complexity="4">
          <methods>
            <method name="AddPlayer" signature="(DAL.Player)" line-rate="1" branch-rate="1" complexity="1">
              <lines>
                <line number="8" hits="4" branch="False" />
                <line number="9" hits="4" branch="False" />
                <line number="10" hits="4" branch="False" />
                <line number="11" hits="4" branch="False" />
              </lines>
            </method>
            <method name="ReplacePlayer" signature="(DAL.Player,System.Int32)" line-rate="1" branch-rate="1" complexity="1">
              <lines>
                <line number="13" hits="1" branch="False" />
                <line number="14" hits="1" branch="False" />
                <line number="15" hits="1" branch="False" />
                <line number="16" hits="1" branch="False" />
                <line number="17" hits="1" branch="False" />
              </lines>
            </method>
            <method name="FindPlayer" signature="(System.String)" line-rate="1" branch-rate="1" complexity="2">
              <lines>
                <line number="19" hits="1" branch="False" />
                <line number="20" hits="24" branch="True" condition-coverage="100% (2/2)">
                  <conditions>
                    <condition number="17" type="jump" coverage="100%" />
                  </conditions>
                </line>
                <line number="21" hits="1" branch="False" />
                <line number="22" hits="1" branch="False" />
              </lines>
            </method>
          </methods>
          <lines>
            <line number="8" hits="4" branch="False" />
            <line number="9" hits="4" branch="False" />
            <line number="10" hits="4" branch="False" />
            <line number="11" hits="4" branch="False" />
            <line number="13" hits="1" branch="False" />
            <line number="14" hits="1" branch="False" />
            <line number="15" hits="1" branch="False" />
            <line number="16" hits="1" branch="False" />
            <line number="17" hits="1" branch="False" />
            <line number="19" hits="1" branch="False" />
            <line number="20" hits="24" branch="True" condition-coverage="100% (2/2)">
              <conditions>
                <condition number="17" type="jump" coverage="100%" />
              </conditions>
            </line>
            <line number="21" hits="1" branch="False" />
            <line number="22" hits="1" branch="False" />
          </lines>
        </class>
        <class name="BLL.StadiumLogic" filename="Desktop\Term-Paper-main\BLL\StadiumLogic.cs" line-rate="0.6923" branch-rate="0" complexity="4">
          <methods>
            <method name="AddStadium" signature="(DAL.Stadium)" line-rate="1" branch-rate="1" complexity="1">
              <lines>
                <line number="8" hits="3" branch="False" />
                <line number="9" hits="3" branch="False" />
                <line number="10" hits="3" branch="False" />
                <line number="11" hits="3" branch="False" />
              </lines>
            </method>
            <method name="ReplaceStadium" signature="(DAL.Stadium,System.Int32)" line-rate="1" branch-rate="1" complexity="1">
              <lines>
                <line number="13" hits="1" branch="False" />
                <line number="14" hits="1" branch="False" />
                <line number="15" hits="1" branch="False" />
                <line number="16" hits="1" branch="False" />
                <line number="17" hits="1" branch="False" />
              </lines>
            </method>
            <method name="FindStadium" signature="(System.String)" line-rate="0" branch-rate="0" complexity="2">
              <lines>
                <line number="19" hits="0" branch="False" />
                <line number="20" hits="0" branch="True" condition-coverage="0% (0/2)">
                  <conditions>
                    <condition number="17" type="jump" coverage="0%" />
                  </conditions>
                </line>
                <line number="21" hits="0" branch="False" />
                <line number="22" hits="0" branch="False" />
              </lines>
            </method>
          </methods>
          <lines>
            <line number="8" hits="3" branch="False" />
            <line number="9" hits="3" branch="False" />
            <line number="10" hits="3" branch="False" />
            <line number="11" hits="3" branch="False" />
            <line number="13" hits="1" branch="False" />
            <line number="14" hits="1" branch="False" />
            <line number="15" hits="1" branch="False" />
            <line number="16" hits="1" branch="False" />
            <line number="17" hits="1" branch="False" />
            <line number="19" hits="0" branch="False" />
            <line number="20" hits="0" branch="True" condition-coverage="0% (0/2)">
              <conditions>
                <condition number="17" type="jump" coverage="0%" />
              </conditions>
            </line>
            <line number="21" hits="0" branch="False" />
            <line number="22" hits="0" branch="False" />
          </lines>
        </class>
        <class name="BLL.TeamLogic" filename="Desktop\Term-Paper-main\BLL\TeamLogic.cs" line-rate="1" branch-rate="1" complexity="2">
          <methods>
            <method name="AddTeam" signature="(DAL.Team)" line-rate="1" branch-rate="1" complexity="1">
              <lines>
                <line number="8" hits="2" branch="False" />
                <line number="9" hits="2" branch="False" />
                <line number="10" hits="2" branch="False" />
                <line number="11" hits="2" branch="False" />
              </lines>
            </method>
            <method name="ReplaceTeam" signature="(DAL.Team,System.Int32)" line-rate="1" branch-rate="1" complexity="1">
              <lines>
                <line number="13" hits="1" branch="False" />
                <line number="14" hits="1" branch="False" />
                <line number="15" hits="1" branch="False" />
                <line number="16" hits="1" branch="False" />
                <line number="17" hits="1" branch="False" />
              </lines>
            </method>
          </methods>
          <lines>
            <line number="8" hits="2" branch="False" />
            <line number="9" hits="2" branch="False" />
            <line number="10" hits="2" branch="False" />
            <line number="11" hits="2" branch="False" />
            <line number="13" hits="1" branch="False" />
            <line number="14" hits="1" branch="False" />
            <line number="15" hits="1" branch="False" />
            <line number="16" hits="1" branch="False" />
            <line number="17" hits="1" branch="False" />
          </lines>
        </class>
      </classes>
    </package>
    <package name="BLLTests" line-rate="0.9329000000000001" branch-rate="0.7962" complexity="59">
      <classes>
        <class name="AutoGeneratedProgram" filename=".nuget\packages\microsoft.net.test.sdk\17.1.0\build\netcoreapp2.1\Microsoft.NET.Test.Sdk.Program.cs" line-rate="0" branch-rate="1" complexity="1">
          <methods>
            <method name="Main" signature="(System.String[])" line-rate="0" branch-rate="1" complexity="1">
              <lines>
                <line number="4" hits="0" branch="False" />
              </lines>
            </method>
          </methods>
          <lines>
            <line number="4" hits="0" branch="False" />
          </lines>
        </class>
        <class name="BLL.Tests.GameLogicTests" filename="Desktop\Term-Paper-main\BLLTests\GameLogicTests.cs" line-rate="1" branch-rate="0.9285" complexity="14">
          <methods>
            <method name="AddGameTest" signature="()" line-rate="1" branch-rate="1" complexity="6">
              <lines>
                <line number="17" hits="1" branch="False" />
                <line number="19" hits="1" branch="False" />
                <line number="20" hits="1" branch="False" />
                <line number="21" hits="1" branch="False" />
                <line number="22" hits="1" branch="False" />
                <line number="23" hits="1" branch="False" />
                <line number="24" hits="10" branch="True" condition-coverage="100% (2/2)">
                  <conditions>
                    <condition number="143" type="jump" coverage="100%" />
                  </conditions>
                </line>
                <line number="25" hits="4" branch="False" />
                <line number="26" hits="4" branch="False" />
                <line number="27" hits="4" branch="False" />
                <line number="28" hits="8" branch="True" condition-coverage="100% (2/2)">
                  <conditions>
                    <condition number="218" type="jump" coverage="100%" />
                  </conditions>
                </line>
                <line number="29" hits="3" branch="False" />
                <line number="30" hits="3" branch="False" />
                <line number="31" hits="3" branch="False" />
                <line number="32" hits="8" branch="True" condition-coverage="100% (2/2)">
                  <conditions>
                    <condition number="293" type="jump" coverage="100%" />
                  </conditions>
                </line>
                <line number="33" hits="3" branch="False" />
                <line number="34" hits="3" branch="False" />
                <line number="35" hits="3" branch="False" />
                <line number="36" hits="1" branch="False" />
                <line number="37" hits="1" branch="False" />
                <line number="38" hits="1" branch="False" />
                <line number="40" hits="1" branch="False" />
                <line number="44" hits="1" branch="False" />
                <line number="47" hits="1" branch="False" />
                <line number="48" hits="1" branch="False" />
              </lines>
            </method>
            <method name="ReplaceGameTest" signature="()" line-rate="1" branch-rate="0.875" complexity="8">
              <lines>
                <line number="52" hits="1" branch="False" />
                <line number="54" hits="1" branch="False" />
                <line number="56" hits="1" branch="False" />
                <line number="57" hits="1" branch="False" />
                <line number="58" hits="1" branch="False" />
                <line number="59" hits="1" branch="False" />
                <line number="60" hits="10" branch="True" condition-coverage="100% (2/2)">
                  <conditions>
                    <condition number="143" type="jump" coverage="100%" />
                  </conditions>
                </line>
                <line number="61" hits="4" branch="False" />
                <line number="62" hits="4" branch="False" />
                <line number="63" hits="4" branch="False" />
                <line number="64" hits="8" branch="True" condition-coverage="100% (2/2)">
                  <conditions>
                    <condition number="218" type="jump" coverage="100%" />
                  </conditions>
                </line>
                <line number="65" hits="3" branch="False" />
                <line number="66" hits="3" branch="False" />
                <line number="67" hits="3" branch="False" />
                <line number="68" hits="8" branch="True" condition-coverage="100% (2/2)">
                  <conditions>
                    <condition number="293" type="jump" coverage="100%" />
                  </conditions>
                </line>
                <line number="69" hits="3" branch="False" />
                <line number="70" hits="3" branch="False" />
                <line number="71" hits="3" branch="False" />
                <line number="72" hits="1" branch="False" />
                <line number="73" hits="1" branch="False" />
                <line number="74" hits="1" branch="False" />
                <line number="76" hits="1" branch="False" />
                <line number="77" hits="1" branch="False" />
                <line number="79" hits="1" branch="False" />
                <line number="82" hits="1" branch="False" />
                <line number="85" hits="1" branch="True" condition-coverage="50% (1/2)">
                  <conditions>
                    <condition number="434" type="jump" coverage="50%" />
                  </conditions>
                </line>
                <line number="86" hits="1" branch="False" />
              </lines>
            </method>
          </methods>
          <lines>
            <line number="17" hits="1" branch="False" />
            <line number="19" hits="1" branch="False" />
            <line number="20" hits="1" branch="False" />
            <line number="21" hits="1" branch="False" />
            <line number="22" hits="1" branch="False" />
            <line number="23" hits="1" branch="False" />
            <line number="24" hits="10" branch="True" condition-coverage="100% (2/2)">
              <conditions>
                <condition number="143" type="jump" coverage="100%" />
              </conditions>
            </line>
            <line number="25" hits="4" branch="False" />
            <line number="26" hits="4" branch="False" />
            <line number="27" hits="4" branch="False" />
            <line number="28" hits="8" branch="True" condition-coverage="100% (2/2)">
              <conditions>
                <condition number="218" type="jump" coverage="100%" />
              </conditions>
            </line>
            <line number="29" hits="3" branch="False" />
            <line number="30" hits="3" branch="False" />
            <line number="31" hits="3" branch="False" />
            <line number="32" hits="8" branch="True" condition-coverage="100% (2/2)">
              <conditions>
                <condition number="293" type="jump" coverage="100%" />
              </conditions>
            </line>
            <line number="33" hits="3" branch="False" />
            <line number="34" hits="3" branch="False" />
            <line number="35" hits="3" branch="False" />
            <line number="36" hits="1" branch="False" />
            <line number="37" hits="1" branch="False" />
            <line number="38" hits="1" branch="False" />
            <line number="40" hits="1" branch="False" />
            <line number="44" hits="1" branch="False" />
            <line number="47" hits="1" branch="False" />
            <line number="48" hits="1" branch="False" />
            <line number="52" hits="1" branch="False" />
            <line number="54" hits="1" branch="False" />
            <line number="56" hits="1" branch="False" />
            <line number="57" hits="1" branch="False" />
            <line number="58" hits="1" branch="False" />
            <line number="59" hits="1" branch="False" />
            <line number="60" hits="10" branch="True" condition-coverage="100% (2/2)">
              <conditions>
                <condition number="143" type="jump" coverage="100%" />
              </conditions>
            </line>
            <line number="61" hits="4" branch="False" />
            <line number="62" hits="4" branch="False" />
            <line number="63" hits="4" branch="False" />
            <line number="64" hits="8" branch="True" condition-coverage="100% (2/2)">
              <conditions>
                <condition number="218" type="jump" coverage="100%" />
              </conditions>
            </line>
            <line number="65" hits="3" branch="False" />
            <line number="66" hits="3" branch="False" />
            <line number="67" hits="3" branch="False" />
            <line number="68" hits="8" branch="True" condition-coverage="100% (2/2)">
              <conditions>
                <condition number="293" type="jump" coverage="100%" />
              </conditions>
            </line>
            <line number="69" hits="3" branch="False" />
            <line number="70" hits="3" branch="False" />
            <line number="71" hits="3" branch="False" />
            <line number="72" hits="1" branch="False" />
            <line number="73" hits="1" branch="False" />
            <line number="74" hits="1" branch="False" />
            <line number="76" hits="1" branch="False" />
            <line number="77" hits="1" branch="False" />
            <line number="79" hits="1" branch="False" />
            <line number="82" hits="1" branch="False" />
            <line number="85" hits="1" branch="True" condition-coverage="50% (1/2)">
              <conditions>
                <condition number="434" type="jump" coverage="50%" />
              </conditions>
            </line>
            <line number="86" hits="1" branch="False" />
          </lines>
        </class>
        <class name="BLL.Tests.ListsLogicTests" filename="Desktop\Term-Paper-main\BLLTests\ListsLogicTests.cs" line-rate="0.8536" branch-rate="0.75" complexity="29">
          <methods>
            <method name="SaveListsTest" signature="()" line-rate="0.7073" branch-rate="0.75" complexity="16">
              <lines>
                <line number="17" hits="1" branch="False" />
                <line number="19" hits="1" branch="False" />
                <line number="23" hits="1" branch="False" />
                <line number="24" hits="1" branch="False" />
                <line number="25" hits="1" branch="False" />
                <line number="26" hits="1" branch="False" />
                <line number="27" hits="1" branch="False" />
                <line number="29" hits="1" branch="False" />
                <line number="30" hits="47" branch="True" condition-coverage="100% (2/2)">
                  <conditions>
                    <condition number="153" type="jump" coverage="100%" />
                  </conditions>
                </line>
                <line number="31" hits="22" branch="False" />
                <line number="32" hits="22" branch="True" condition-coverage="50% (1/2)">
                  <conditions>
                    <condition number="137" type="jump" coverage="50%" />
                  </conditions>
                </line>
                <line number="33" hits="0" branch="False" />
                <line number="34" hits="0" branch="False" />
                <line number="35" hits="0" branch="False" />
                <line number="37" hits="22" branch="False" />
                <line number="39" hits="1" branch="False" />
                <line number="40" hits="5" branch="True" condition-coverage="100% (2/2)">
                  <conditions>
                    <condition number="228" type="jump" coverage="100%" />
                  </conditions>
                </line>
                <line number="41" hits="1" branch="False" />
                <line number="42" hits="1" branch="True" condition-coverage="50% (1/2)">
                  <conditions>
                    <condition number="212" type="jump" coverage="50%" />
                  </conditions>
                </line>
                <line number="43" hits="0" branch="False" />
                <line number="44" hits="0" branch="False" />
                <line number="45" hits="0" branch="False" />
                <line number="47" hits="1" branch="False" />
                <line number="49" hits="1" branch="False" />
                <line number="50" hits="5" branch="True" condition-coverage="100% (2/2)">
                  <conditions>
                    <condition number="303" type="jump" coverage="100%" />
                  </conditions>
                </line>
                <line number="51" hits="1" branch="False" />
                <line number="52" hits="1" branch="True" condition-coverage="50% (1/2)">
                  <conditions>
                    <condition number="287" type="jump" coverage="50%" />
                  </conditions>
                </line>
                <line number="53" hits="0" branch="False" />
                <line number="54" hits="0" branch="False" />
                <line number="55" hits="0" branch="False" />
                <line number="57" hits="1" branch="False" />
                <line number="59" hits="1" branch="False" />
                <line number="60" hits="7" branch="True" condition-coverage="100% (2/2)">
                  <conditions>
                    <condition number="378" type="jump" coverage="100%" />
                  </conditions>
                </line>
                <line number="61" hits="2" branch="False" />
                <line number="62" hits="2" branch="True" condition-coverage="50% (1/2)">
                  <conditions>
                    <condition number="362" type="jump" coverage="50%" />
                  </conditions>
                </line>
                <line number="63" hits="0" branch="False" />
                <line number="64" hits="0" branch="False" />
                <line number="65" hits="0" branch="False" />
                <line number="67" hits="2" branch="False" />
                <line number="70" hits="1" branch="False" />
                <line number="71" hits="1" branch="False" />
              </lines>
            </method>
            <method name="SaveSavingCatalogTest" signature="()" line-rate="1" branch-rate="1" complexity="1">
              <lines>
                <line number="75" hits="1" branch="False" />
                <line number="77" hits="1" branch="False" />
                <line number="78" hits="1" branch="False" />
                <line number="79" hits="1" branch="False" />
                <line number="82" hits="1" branch="False" />
                <line number="85" hits="1" branch="False" />
                <line number="86" hits="1" branch="False" />
                <line number="87" hits="1" branch="False" />
              </lines>
            </method>
            <method name="RemoveTest" signature="()" line-rate="1" branch-rate="0.75" complexity="12">
              <lines>
                <line number="91" hits="1" branch="False" />
                <line number="93" hits="1" branch="False" />
                <line number="94" hits="1" branch="False" />
                <line number="95" hits="1" branch="False" />
                <line number="96" hits="1" branch="False" />
                <line number="97" hits="1" branch="False" />
                <line number="98" hits="10" branch="True" condition-coverage="100% (2/2)">
                  <conditions>
                    <condition number="143" type="jump" coverage="100%" />
                  </conditions>
                </line>
                <line number="99" hits="4" branch="False" />
                <line number="100" hits="4" branch="False" />
                <line number="101" hits="4" branch="False" />
                <line number="102" hits="8" branch="True" condition-coverage="100% (2/2)">
                  <conditions>
                    <condition number="218" type="jump" coverage="100%" />
                  </conditions>
                </line>
                <line number="103" hits="3" branch="False" />
                <line number="104" hits="3" branch="False" />
                <line number="105" hits="3" branch="False" />
                <line number="106" hits="8" branch="True" condition-coverage="100% (2/2)">
                  <conditions>
                    <condition number="293" type="jump" coverage="100%" />
                  </conditions>
                </line>
                <line number="107" hits="3" branch="False" />
                <line number="108" hits="3" branch="False" />
                <line number="109" hits="3" branch="False" />
                <line number="110" hits="1" branch="False" />
                <line number="111" hits="1" branch="False" />
                <line number="112" hits="1" branch="False" />
                <line number="114" hits="1" branch="False" />
                <line number="116" hits="1" branch="False" />
                <line number="117" hits="1" branch="False" />
                <line number="118" hits="1" branch="False" />
                <line number="119" hits="1" branch="False" />
                <line number="122" hits="1" branch="False" />
                <line number="123" hits="1" branch="False" />
                <line number="124" hits="1" branch="False" />
                <line number="125" hits="1" branch="False" />
                <line number="128" hits="1" branch="True" condition-coverage="50% (3/6)">
                  <conditions>
                    <condition number="516" type="jump" coverage="50%" />
                    <condition number="530" type="jump" coverage="50%" />
                    <condition number="544" type="jump" coverage="50%" />
                  </conditions>
                </line>
                <line number="129" hits="1" branch="False" />
                <line number="130" hits="1" branch="False" />
              </lines>
            </method>
          </methods>
          <lines>
            <line number="17" hits="1" branch="False" />
            <line number="19" hits="1" branch="False" />
            <line number="23" hits="1" branch="False" />
            <line number="24" hits="1" branch="False" />
            <line number="25" hits="1" branch="False" />
            <line number="26" hits="1" branch="False" />
            <line number="27" hits="1" branch="False" />
            <line number="29" hits="1" branch="False" />
            <line number="30" hits="47" branch="True" condition-coverage="100% (2/2)">
              <conditions>
                <condition number="153" type="jump" coverage="100%" />
              </conditions>
            </line>
            <line number="31" hits="22" branch="False" />
            <line number="32" hits="22" branch="True" condition-coverage="50% (1/2)">
              <conditions>
                <condition number="137" type="jump" coverage="50%" />
              </conditions>
            </line>
            <line number="33" hits="0" branch="False" />
            <line number="34" hits="0" branch="False" />
            <line number="35" hits="0" branch="False" />
            <line number="37" hits="22" branch="False" />
            <line number="39" hits="1" branch="False" />
            <line number="40" hits="5" branch="True" condition-coverage="100% (2/2)">
              <conditions>
                <condition number="228" type="jump" coverage="100%" />
              </conditions>
            </line>
            <line number="41" hits="1" branch="False" />
            <line number="42" hits="1" branch="True" condition-coverage="50% (1/2)">
              <conditions>
                <condition number="212" type="jump" coverage="50%" />
              </conditions>
            </line>
            <line number="43" hits="0" branch="False" />
            <line number="44" hits="0" branch="False" />
            <line number="45" hits="0" branch="False" />
            <line number="47" hits="1" branch="False" />
            <line number="49" hits="1" branch="False" />
            <line number="50" hits="5" branch="True" condition-coverage="100% (2/2)">
              <conditions>
                <condition number="303" type="jump" coverage="100%" />
              </conditions>
            </line>
            <line number="51" hits="1" branch="False" />
            <line number="52" hits="1" branch="True" condition-coverage="50% (1/2)">
              <conditions>
                <condition number="287" type="jump" coverage="50%" />
              </conditions>
            </line>
            <line number="53" hits="0" branch="False" />
            <line number="54" hits="0" branch="False" />
            <line number="55" hits="0" branch="False" />
            <line number="57" hits="1" branch="False" />
            <line number="59" hits="1" branch="False" />
            <line number="60" hits="7" branch="True" condition-coverage="100% (2/2)">
              <conditions>
                <condition number="378" type="jump" coverage="100%" />
              </conditions>
            </line>
            <line number="61" hits="2" branch="False" />
            <line number="62" hits="2" branch="True" condition-coverage="50% (1/2)">
              <conditions>
                <condition number="362" type="jump" coverage="50%" />
              </conditions>
            </line>
            <line number="63" hits="0" branch="False" />
            <line number="64" hits="0" branch="False" />
            <line number="65" hits="0" branch="False" />
            <line number="67" hits="2" branch="False" />
            <line number="70" hits="1" branch="False" />
            <line number="71" hits="1" branch="False" />
            <line number="75" hits="1" branch="False" />
            <line number="77" hits="1" branch="False" />
            <line number="78" hits="1" branch="False" />
            <line number="79" hits="1" branch="False" />
            <line number="82" hits="1" branch="False" />
            <line number="85" hits="1" branch="False" />
            <line number="86" hits="1" branch="False" />
            <line number="87" hits="1" branch="False" />
            <line number="91" hits="1" branch="False" />
            <line number="93" hits="1" branch="False" />
            <line number="94" hits="1" branch="False" />
            <line number="95" hits="1" branch="False" />
            <line number="96" hits="1" branch="False" />
            <line number="97" hits="1" branch="False" />
            <line number="98" hits="10" branch="True" condition-coverage="100% (2/2)">
              <conditions>
                <condition number="143" type="jump" coverage="100%" />
              </conditions>
            </line>
            <line number="99" hits="4" branch="False" />
            <line number="100" hits="4" branch="False" />
            <line number="101" hits="4" branch="False" />
            <line number="102" hits="8" branch="True" condition-coverage="100% (2/2)">
              <conditions>
                <condition number="218" type="jump" coverage="100%" />
              </conditions>
            </line>
            <line number="103" hits="3" branch="False" />
            <line number="104" hits="3" branch="False" />
            <line number="105" hits="3" branch="False" />
            <line number="106" hits="8" branch="True" condition-coverage="100% (2/2)">
              <conditions>
                <condition number="293" type="jump" coverage="100%" />
              </conditions>
            </line>
            <line number="107" hits="3" branch="False" />
            <line number="108" hits="3" branch="False" />
            <line number="109" hits="3" branch="False" />
            <line number="110" hits="1" branch="False" />
            <line number="111" hits="1" branch="False" />
            <line number="112" hits="1" branch="False" />
            <line number="114" hits="1" branch="False" />
            <line number="116" hits="1" branch="False" />
            <line number="117" hits="1" branch="False" />
            <line number="118" hits="1" branch="False" />
            <line number="119" hits="1" branch="False" />
            <line number="122" hits="1" branch="False" />
            <line number="123" hits="1" branch="False" />
            <line number="124" hits="1" branch="False" />
            <line number="125" hits="1" branch="False" />
            <line number="128" hits="1" branch="True" condition-coverage="50% (3/6)">
              <conditions>
                <condition number="516" type="jump" coverage="50%" />
                <condition number="530" type="jump" coverage="50%" />
                <condition number="544" type="jump" coverage="50%" />
              </conditions>
            </line>
            <line number="129" hits="1" branch="False" />
            <line number="130" hits="1" branch="False" />
          </lines>
        </class>
        <class name="BLL.Tests.PlayerLogicTests" filename="Desktop\Term-Paper-main\BLLTests\PlayerLogicTests.cs" line-rate="1" branch-rate="0.5" complexity="4">
          <methods>
            <method name="AddPlayerTest" signature="()" line-rate="1" branch-rate="1" complexity="1">
              <lines>
                <line number="17" hits="1" branch="False" />
                <line number="19" hits="1" branch="False" />
                <line number="20" hits="1" branch="False" />
                <line number="23" hits="1" branch="False" />
                <line number="26" hits="1" branch="False" />
                <line number="27" hits="1" branch="False" />
              </lines>
            </method>
            <method name="ReplacePlayerTest" signature="()" line-rate="1" branch-rate="0.5" complexity="2">
              <lines>
                <line number="31" hits="1" branch="False" />
                <line number="33" hits="1" branch="False" />
                <line number="34" hits="1" branch="False" />
                <line number="35" hits="1" branch="False" />
                <line number="36" hits="1" branch="False" />
                <line number="40" hits="1" branch="False" />
                <line number="43" hits="1" branch="True" condition-coverage="50% (1/2)">
                  <conditions>
                    <condition number="133" type="jump" coverage="50%" />
                  </conditions>
                </line>
                <line number="44" hits="1" branch="False" />
              </lines>
            </method>
            <method name="FindPlayerTest" signature="()" line-rate="1" branch-rate="1" complexity="1">
              <lines>
                <line number="48" hits="1" branch="False" />
                <line number="50" hits="1" branch="False" />
                <line number="51" hits="1" branch="False" />
                <line number="52" hits="1" branch="False" />
                <line number="55" hits="1" branch="False" />
                <line number="58" hits="1" branch="False" />
                <line number="59" hits="1" branch="False" />
              </lines>
            </method>
          </methods>
          <lines>
            <line number="17" hits="1" branch="False" />
            <line number="19" hits="1" branch="False" />
            <line number="20" hits="1" branch="False" />
            <line number="23" hits="1" branch="False" />
            <line number="26" hits="1" branch="False" />
            <line number="27" hits="1" branch="False" />
            <line number="31" hits="1" branch="False" />
            <line number="33" hits="1" branch="False" />
            <line number="34" hits="1" branch="False" />
            <line number="35" hits="1" branch="False" />
            <line number="36" hits="1" branch="False" />
            <line number="40" hits="1" branch="False" />
            <line number="43" hits="1" branch="True" condition-coverage="50% (1/2)">
              <conditions>
                <condition number="133" type="jump" coverage="50%" />
              </conditions>
            </line>
            <line number="44" hits="1" branch="False" />
            <line number="48" hits="1" branch="False" />
            <line number="50" hits="1" branch="False" />
            <line number="51" hits="1" branch="False" />
            <line number="52" hits="1" branch="False" />
            <line number="55" hits="1" branch="False" />
            <line number="58" hits="1" branch="False" />
            <line number="59" hits="1" branch="False" />
          </lines>
        </class>
        <class name="BLL.Tests.StadiumLogicTests" filename="Desktop\Term-Paper-main\BLLTests\StadiumLogicTests.cs" line-rate="1" branch-rate="0.5" complexity="3">
          <methods>
            <method name="ReplaceStadiumTest" signature="()" line-rate="1" branch-rate="1" complexity="1">
              <lines>
                <line number="17" hits="1" branch="False" />
                <line number="19" hits="1" branch="False" />
                <line number="20" hits="1" branch="False" />
                <line number="23" hits="1" branch="False" />
                <line number="26" hits="1" branch="False" />
                <line number="27" hits="1" branch="False" />
              </lines>
            </method>
            <method name="ReplaceStadiumTest1" signature="()" line-rate="1" branch-rate="0.5" complexity="2">
              <lines>
                <line number="31" hits="1" branch="False" />
                <line number="33" hits="1" branch="False" />
                <line number="34" hits="1" branch="False" />
                <line number="35" hits="1" branch="False" />
                <line number="36" hits="1" branch="False" />
                <line number="40" hits="1" branch="False" />
                <line number="43" hits="1" branch="True" condition-coverage="50% (1/2)">
                  <conditions>
                    <condition number="103" type="jump" coverage="50%" />
                  </conditions>
                </line>
                <line number="44" hits="1" branch="False" />
              </lines>
            </method>
          </methods>
          <lines>
            <line number="17" hits="1" branch="False" />
            <line number="19" hits="1" branch="False" />
            <line number="20" hits="1" branch="False" />
            <line number="23" hits="1" branch="False" />
            <line number="26" hits="1" branch="False" />
            <line number="27" hits="1" branch="False" />
            <line number="31" hits="1" branch="False" />
            <line number="33" hits="1" branch="False" />
            <line number="34" hits="1" branch="False" />
            <line number="35" hits="1" branch="False" />
            <line number="36" hits="1" branch="False" />
            <line number="40" hits="1" branch="False" />
            <line number="43" hits="1" branch="True" condition-coverage="50% (1/2)">
              <conditions>
                <condition number="103" type="jump" coverage="50%" />
              </conditions>
            </line>
            <line number="44" hits="1" branch="False" />
          </lines>
        </class>
        <class name="BLL.Tests.TeamLogicTests" filename="Desktop\Term-Paper-main\BLLTests\TeamLogicTests.cs" line-rate="1" branch-rate="0.875" complexity="8">
          <methods>
            <method name="ReplaceTeamTest" signature="()" line-rate="1" branch-rate="0.875" complexity="8">
              <lines>
                <line number="17" hits="1" branch="False" />
                <line number="19" hits="1" branch="False" />
                <line number="21" hits="1" branch="False" />
                <line number="22" hits="1" branch="False" />
                <line number="23" hits="1" branch="False" />
                <line number="24" hits="1" branch="False" />
                <line number="25" hits="10" branch="True" condition-coverage="100% (2/2)">
                  <conditions>
                    <condition number="143" type="jump" coverage="100%" />
                  </conditions>
                </line>
                <line number="26" hits="4" branch="False" />
                <line number="27" hits="4" branch="False" />
                <line number="28" hits="4" branch="False" />
                <line number="29" hits="8" branch="True" condition-coverage="100% (2/2)">
                  <conditions>
                    <condition number="218" type="jump" coverage="100%" />
                  </conditions>
                </line>
                <line number="30" hits="3" branch="False" />
                <line number="31" hits="3" branch="False" />
                <line number="32" hits="3" branch="False" />
                <line number="33" hits="8" branch="True" condition-coverage="100% (2/2)">
                  <conditions>
                    <condition number="293" type="jump" coverage="100%" />
                  </conditions>
                </line>
                <line number="34" hits="3" branch="False" />
                <line number="35" hits="3" branch="False" />
                <line number="36" hits="3" branch="False" />
                <line number="37" hits="1" branch="False" />
                <line number="38" hits="1" branch="False" />
                <line number="40" hits="1" branch="False" />
                <line number="43" hits="1" branch="False" />
                <line number="46" hits="1" branch="True" condition-coverage="50% (1/2)">
                  <conditions>
                    <condition number="360" type="jump" coverage="50%" />
                  </conditions>
                </line>
                <line number="47" hits="1" branch="False" />
              </lines>
            </method>
          </methods>
          <lines>
            <line number="17" hits="1" branch="False" />
            <line number="19" hits="1" branch="False" />
            <line number="21" hits="1" branch="False" />
            <line number="22" hits="1" branch="False" />
            <line number="23" hits="1" branch="False" />
            <line number="24" hits="1" branch="False" />
            <line number="25" hits="10" branch="True" condition-coverage="100% (2/2)">
              <conditions>
                <condition number="143" type="jump" coverage="100%" />
              </conditions>
            </line>
            <line number="26" hits="4" branch="False" />
            <line number="27" hits="4" branch="False" />
            <line number="28" hits="4" branch="False" />
            <line number="29" hits="8" branch="True" condition-coverage="100% (2/2)">
              <conditions>
                <condition number="218" type="jump" coverage="100%" />
              </conditions>
            </line>
            <line number="30" hits="3" branch="False" />
            <line number="31" hits="3" branch="False" />
            <line number="32" hits="3" branch="False" />
            <line number="33" hits="8" branch="True" condition-coverage="100% (2/2)">
              <conditions>
                <condition number="293" type="jump" coverage="100%" />
              </conditions>
            </line>
            <line number="34" hits="3" branch="False" />
            <line number="35" hits="3" branch="False" />
            <line number="36" hits="3" branch="False" />
            <line number="37" hits="1" branch="False" />
            <line number="38" hits="1" branch="False" />
            <line number="40" hits="1" branch="False" />
            <line number="43" hits="1" branch="False" />
            <line number="46" hits="1" branch="True" condition-coverage="50% (1/2)">
              <conditions>
                <condition number="360" type="jump" coverage="50%" />
              </conditions>
            </line>
            <line number="47" hits="1" branch="False" />
          </lines>
        </class>
      </classes>
    </package>
    <package name="DAL" line-rate="0.45659999999999995" branch-rate="0.0384" complexity="68">
      <classes>
        <class name="DAL.Settings" filename="Desktop\Term-Paper-main\DAL\FileOperations.cs" line-rate="1" branch-rate="1" complexity="1">
          <methods>
            <method name="get_SavingFolder" signature="()" line-rate="1" branch-rate="1" complexity="1">
              <lines>
                <line number="12" hits="61" branch="False" />
              </lines>
            </method>
          </methods>
          <lines>
            <line number="12" hits="61" branch="False" />
          </lines>
        </class>
        <class name="DAL.FileOperations" filename="Desktop\Term-Paper-main\DAL\FileOperations.cs" line-rate="1" branch-rate="1" complexity="2">
          <methods>
            <method name="JSONWrite" signature="(System.String,T)" line-rate="1" branch-rate="1" complexity="1">
              <lines>
                <line number="19" hits="4" branch="False" />
                <line number="20" hits="4" branch="False" />
                <line number="21" hits="4" branch="False" />
                <line number="22" hits="4" branch="False" />
                <line number="23" hits="4" branch="False" />
                <line number="24" hits="4" branch="False" />
                <line number="25" hits="4" branch="False" />
              </lines>
            </method>
            <method name="JSONRead" signature="(System.String)" line-rate="1" branch-rate="1" complexity="1">
              <lines>
                <line number="28" hits="48" branch="False" />
                <line number="29" hits="48" branch="False" />
                <line number="30" hits="48" branch="False" />
                <line number="31" hits="48" branch="False" />
                <line number="32" hits="48" branch="False" />
                <line number="34" hits="48" branch="False" />
              </lines>
            </method>
          </methods>
          <lines>
            <line number="19" hits="4" branch="False" />
            <line number="20" hits="4" branch="False" />
            <line number="21" hits="4" branch="False" />
            <line number="22" hits="4" branch="False" />
            <line number="23" hits="4" branch="False" />
            <line number="24" hits="4" branch="False" />
            <line number="25" hits="4" branch="False" />
            <line number="28" hits="48" branch="False" />
            <line number="29" hits="48" branch="False" />
            <line number="30" hits="48" branch="False" />
            <line number="31" hits="48" branch="False" />
            <line number="32" hits="48" branch="False" />
            <line number="34" hits="48" branch="False" />
          </lines>
        </class>
        <class name="DAL.Game" filename="Desktop\Term-Paper-main\DAL\Game.cs" line-rate="0.6578" branch-rate="1" complexity="13">
          <methods>
            <method name="get_HomeTeam" signature="()" line-rate="1" branch-rate="1" complexity="1">
              <lines>
                <line number="25" hits="20" branch="False" />
              </lines>
            </method>
            <method name="get_GuestTeam" signature="()" line-rate="1" branch-rate="1" complexity="1">
              <lines>
                <line number="26" hits="20" branch="False" />
              </lines>
            </method>
            <method name="get_Date" signature="()" line-rate="1" branch-rate="1" complexity="1">
              <lines>
                <line number="27" hits="20" branch="False" />
              </lines>
            </method>
            <method name="get_Stadium" signature="()" line-rate="1" branch-rate="1" complexity="1">
              <lines>
                <line number="28" hits="16" branch="False" />
              </lines>
            </method>
            <method name="get_Spectators" signature="()" line-rate="1" branch-rate="1" complexity="1">
              <lines>
                <line number="29" hits="16" branch="False" />
              </lines>
            </method>
            <method name="get_HomeTeamScore" signature="()" line-rate="1" branch-rate="1" complexity="1">
              <lines>
                <line number="30" hits="35" branch="False" />
              </lines>
            </method>
            <method name="get_GuestTeamScore" signature="()" line-rate="1" branch-rate="1" complexity="1">
              <lines>
                <line number="31" hits="35" branch="False" />
              </lines>
            </method>
            <method name="get_Status" signature="()" line-rate="1" branch-rate="1" complexity="1">
              <lines>
                <line number="32" hits="16" branch="False" />
              </lines>
            </method>
            <method name="GetObjectData" signature="(System.Runtime.Serialization.SerializationInfo,System.Runtime.Serialization.StreamingContext)" line-rate="0" branch-rate="1" complexity="1">
              <lines>
                <line number="35" hits="0" branch="False" />
                <line number="36" hits="0" branch="False" />
                <line number="37" hits="0" branch="False" />
                <line number="38" hits="0" branch="False" />
                <line number="39" hits="0" branch="False" />
                <line number="40" hits="0" branch="False" />
                <line number="41" hits="0" branch="False" />
                <line number="42" hits="0" branch="False" />
                <line number="43" hits="0" branch="False" />
                <line number="45" hits="0" branch="False" />
              </lines>
            </method>
            <method name="ToString" signature="()" line-rate="1" branch-rate="1" complexity="1">
              <lines>
                <line number="48" hits="4" branch="False" />
                <line number="49" hits="4" branch="False" />
                <line number="50" hits="4" branch="False" />
              </lines>
            </method>
            <method name="Copy" signature="()" line-rate="1" branch-rate="1" complexity="1">
              <lines>
                <line number="53" hits="1" branch="False" />
                <line number="54" hits="1" branch="False" />
                <line number="55" hits="1" branch="False" />
              </lines>
            </method>
            <method name="Display" signature="()" line-rate="0" branch-rate="1" complexity="1">
              <lines>
                <line number="58" hits="0" branch="False" />
                <line number="59" hits="0" branch="False" />
                <line number="60" hits="0" branch="False" />
              </lines>
            </method>
            <method name=".ctor" signature="(DAL.Team,DAL.Team,System.DateTime,DAL.Stadium,System.UInt32,System.UInt16,System.UInt16,System.String)" line-rate="1" branch-rate="1" complexity="1">
              <lines>
                <line number="13" hits="15" branch="False" />
                <line number="14" hits="15" branch="False" />
                <line number="15" hits="15" branch="False" />
                <line number="16" hits="15" branch="False" />
                <line number="17" hits="15" branch="False" />
                <line number="18" hits="15" branch="False" />
                <line number="19" hits="15" branch="False" />
                <line number="20" hits="15" branch="False" />
                <line number="21" hits="15" branch="False" />
                <line number="22" hits="15" branch="False" />
                <line number="23" hits="15" branch="False" />
              </lines>
            </method>
          </methods>
          <lines>
            <line number="25" hits="20" branch="False" />
            <line number="26" hits="20" branch="False" />
            <line number="27" hits="20" branch="False" />
            <line number="28" hits="16" branch="False" />
            <line number="29" hits="16" branch="False" />
            <line number="30" hits="35" branch="False" />
            <line number="31" hits="35" branch="False" />
            <line number="32" hits="16" branch="False" />
            <line number="35" hits="0" branch="False" />
            <line number="36" hits="0" branch="False" />
            <line number="37" hits="0" branch="False" />
            <line number="38" hits="0" branch="False" />
            <line number="39" hits="0" branch="False" />
            <line number="40" hits="0" branch="False" />
            <line number="41" hits="0" branch="False" />
            <line number="42" hits="0" branch="False" />
            <line number="43" hits="0" branch="False" />
            <line number="45" hits="0" branch="False" />
            <line number="48" hits="4" branch="False" />
            <line number="49" hits="4" branch="False" />
            <line number="50" hits="4" branch="False" />
            <line number="53" hits="1" branch="False" />
            <line number="54" hits="1" branch="False" />
            <line number="55" hits="1" branch="False" />
            <line number="58" hits="0" branch="False" />
            <line number="59" hits="0" branch="False" />
            <line number="60" hits="0" branch="False" />
            <line number="13" hits="15" branch="False" />
            <line number="14" hits="15" branch="False" />
            <line number="15" hits="15" branch="False" />
            <line number="16" hits="15" branch="False" />
            <line number="17" hits="15" branch="False" />
            <line number="18" hits="15" branch="False" />
            <line number="19" hits="15" branch="False" />
            <line number="20" hits="15" branch="False" />
            <line number="21" hits="15" branch="False" />
            <line number="22" hits="15" branch="False" />
            <line number="23" hits="15" branch="False" />
          </lines>
        </class>
        <class name="DAL.Lists" filename="Desktop\Term-Paper-main\DAL\Lists.cs" line-rate="0.1971" branch-rate="0" complexity="15">
          <methods>
            <method name="InitializeObjects" signature="()" line-rate="0.46659999999999996" branch-rate="1" complexity="1">
              <lines>
                <line number="21" hits="11" branch="False" />
                <line number="23" hits="11" branch="False" />
                <line number="24" hits="11" branch="False" />
                <line number="25" hits="11" branch="False" />
                <line number="26" hits="0" branch="False" />
                <line number="27" hits="0" branch="False" />
                <line number="28" hits="0" branch="False" />
                <line number="29" hits="0" branch="False" />
                <line number="32" hits="11" branch="False" />
                <line number="33" hits="11" branch="False" />
                <line number="34" hits="11" branch="False" />
                <line number="35" hits="0" branch="False" />
                <line number="36" hits="0" branch="False" />
                <line number="37" hits="0" branch="False" />
                <line number="38" hits="0" branch="False" />
                <line number="41" hits="11" branch="False" />
                <line number="42" hits="11" branch="False" />
                <line number="43" hits="11" branch="False" />
                <line number="44" hits="0" branch="False" />
                <line number="45" hits="0" branch="False" />
                <line number="46" hits="0" branch="False" />
                <line number="47" hits="0" branch="False" />
                <line number="50" hits="11" branch="False" />
                <line number="51" hits="11" branch="False" />
                <line number="52" hits="11" branch="False" />
                <line number="53" hits="0" branch="False" />
                <line number="54" hits="0" branch="False" />
                <line number="55" hits="0" branch="False" />
                <line number="56" hits="0" branch="False" />
                <line number="58" hits="11" branch="False" />
              </lines>
            </method>
            <method name="ToDataTable" signature="(System.Collections.Generic.List`1&lt;T&gt;)" line-rate="0" branch-rate="0" complexity="6">
              <lines>
                <line number="61" hits="0" branch="False" />
                <line number="62" hits="0" branch="False" />
                <line number="64" hits="0" branch="False" />
                <line number="65" hits="0" branch="True" condition-coverage="0% (0/2)">
                  <conditions>
                    <condition number="81" type="jump" coverage="0%" />
                  </conditions>
                </line>
                <line number="66" hits="0" branch="False" />
                <line number="67" hits="0" branch="False" />
                <line number="68" hits="0" branch="False" />
                <line number="70" hits="0" branch="True" condition-coverage="0% (0/2)">
                  <conditions>
                    <condition number="184" type="jump" coverage="0%" />
                  </conditions>
                </line>
                <line number="71" hits="0" branch="False" />
                <line number="72" hits="0" branch="False" />
                <line number="73" hits="0" branch="True" condition-coverage="0% (0/2)">
                  <conditions>
                    <condition number="160" type="jump" coverage="0%" />
                  </conditions>
                </line>
                <line number="74" hits="0" branch="False" />
                <line number="75" hits="0" branch="False" />
                <line number="76" hits="0" branch="False" />
                <line number="77" hits="0" branch="False" />
                <line number="78" hits="0" branch="False" />
                <line number="79" hits="0" branch="False" />
                <line number="80" hits="0" branch="False" />
              </lines>
            </method>
            <method name="ToList" signature="(System.Data.DataTable)" line-rate="0" branch-rate="0" complexity="2">
              <lines>
                <line number="83" hits="0" branch="False" />
                <line number="84" hits="0" branch="False" />
                <line number="85" hits="0" branch="True" condition-coverage="0% (0/2)">
                  <conditions>
                    <condition number="57" type="jump" coverage="0%" />
                  </conditions>
                </line>
                <line number="86" hits="0" branch="False" />
                <line number="87" hits="0" branch="False" />
                <line number="88" hits="0" branch="False" />
                <line number="89" hits="0" branch="False" />
                <line number="90" hits="0" branch="False" />
                <line number="91" hits="0" branch="False" />
              </lines>
            </method>
            <method name="GetItem" signature="(System.Data.DataRow)" line-rate="0" branch-rate="0" complexity="6">
              <lines>
                <line number="93" hits="0" branch="False" />
                <line number="94" hits="0" branch="False" />
                <line number="95" hits="0" branch="False" />
                <line number="97" hits="0" branch="True" condition-coverage="0% (0/2)">
                  <conditions>
                    <condition number="150" type="jump" coverage="0%" />
                  </conditions>
                </line>
                <line number="98" hits="0" branch="False" />
                <line number="99" hits="0" branch="True" condition-coverage="0% (0/2)">
                  <conditions>
                    <condition number="141" type="jump" coverage="0%" />
                  </conditions>
                </line>
                <line number="100" hits="0" branch="False" />
                <line number="101" hits="0" branch="True" condition-coverage="0% (0/2)">
                  <conditions>
                    <condition number="95" type="jump" coverage="0%" />
                  </conditions>
                </line>
                <line number="102" hits="0" branch="False" />
                <line number="104" hits="0" branch="False" />
                <line number="105" hits="0" branch="False" />
                <line number="106" hits="0" branch="False" />
                <line number="107" hits="0" branch="False" />
                <line number="108" hits="0" branch="False" />
              </lines>
            </method>
          </methods>
          <lines>
            <line number="21" hits="11" branch="False" />
            <line number="23" hits="11" branch="False" />
            <line number="24" hits="11" branch="False" />
            <line number="25" hits="11" branch="False" />
            <line number="26" hits="0" branch="False" />
            <line number="27" hits="0" branch="False" />
            <line number="28" hits="0" branch="False" />
            <line number="29" hits="0" branch="False" />
            <line number="32" hits="11" branch="False" />
            <line number="33" hits="11" branch="False" />
            <line number="34" hits="11" branch="False" />
            <line number="35" hits="0" branch="False" />
            <line number="36" hits="0" branch="False" />
            <line number="37" hits="0" branch="False" />
            <line number="38" hits="0" branch="False" />
            <line number="41" hits="11" branch="False" />
            <line number="42" hits="11" branch="False" />
            <line number="43" hits="11" branch="False" />
            <line number="44" hits="0" branch="False" />
            <line number="45" hits="0" branch="False" />
            <line number="46" hits="0" branch="False" />
            <line number="47" hits="0" branch="False" />
            <line number="50" hits="11" branch="False" />
            <line number="51" hits="11" branch="False" />
            <line number="52" hits="11" branch="False" />
            <line number="53" hits="0" branch="False" />
            <line number="54" hits="0" branch="False" />
            <line number="55" hits="0" branch="False" />
            <line number="56" hits="0" branch="False" />
            <line number="58" hits="11" branch="False" />
            <line number="61" hits="0" branch="False" />
            <line number="62" hits="0" branch="False" />
            <line number="64" hits="0" branch="False" />
            <line number="65" hits="0" branch="True" condition-coverage="0% (0/2)">
              <conditions>
                <condition number="81" type="jump" coverage="0%" />
              </conditions>
            </line>
            <line number="66" hits="0" branch="False" />
            <line number="67" hits="0" branch="False" />
            <line number="68" hits="0" branch="False" />
            <line number="70" hits="0" branch="True" condition-coverage="0% (0/2)">
              <conditions>
                <condition number="184" type="jump" coverage="0%" />
              </conditions>
            </line>
            <line number="71" hits="0" branch="False" />
            <line number="72" hits="0" branch="False" />
            <line number="73" hits="0" branch="True" condition-coverage="0% (0/2)">
              <conditions>
                <condition number="160" type="jump" coverage="0%" />
              </conditions>
            </line>
            <line number="74" hits="0" branch="False" />
            <line number="75" hits="0" branch="False" />
            <line number="76" hits="0" branch="False" />
            <line number="77" hits="0" branch="False" />
            <line number="78" hits="0" branch="False" />
            <line number="79" hits="0" branch="False" />
            <line number="80" hits="0" branch="False" />
            <line number="83" hits="0" branch="False" />
            <line number="84" hits="0" branch="False" />
            <line number="85" hits="0" branch="True" condition-coverage="0% (0/2)">
              <conditions>
                <condition number="57" type="jump" coverage="0%" />
              </conditions>
            </line>
            <line number="86" hits="0" branch="False" />
            <line number="87" hits="0" branch="False" />
            <line number="88" hits="0" branch="False" />
            <line number="89" hits="0" branch="False" />
            <line number="90" hits="0" branch="False" />
            <line number="91" hits="0" branch="False" />
            <line number="93" hits="0" branch="False" />
            <line number="94" hits="0" branch="False" />
            <line number="95" hits="0" branch="False" />
            <line number="97" hits="0" branch="True" condition-coverage="0% (0/2)">
              <conditions>
                <condition number="150" type="jump" coverage="0%" />
              </conditions>
            </line>
            <line number="98" hits="0" branch="False" />
            <line number="99" hits="0" branch="True" condition-coverage="0% (0/2)">
              <conditions>
                <condition number="141" type="jump" coverage="0%" />
              </conditions>
            </line>
            <line number="100" hits="0" branch="False" />
            <line number="101" hits="0" branch="True" condition-coverage="0% (0/2)">
              <conditions>
                <condition number="95" type="jump" coverage="0%" />
              </conditions>
            </line>
            <line number="102" hits="0" branch="False" />
            <line number="104" hits="0" branch="False" />
            <line number="105" hits="0" branch="False" />
            <line number="106" hits="0" branch="False" />
            <line number="107" hits="0" branch="False" />
            <line number="108" hits="0" branch="False" />
          </lines>
        </class>
        <class name="DAL.Player" filename="Desktop\Term-Paper-main\DAL\Player.cs" line-rate="0.5" branch-rate="1" complexity="12">
          <methods>
            <method name="get_FirstName" signature="()" line-rate="1" branch-rate="1" complexity="1">
              <lines>
                <line number="20" hits="929" branch="False" />
              </lines>
            </method>
            <method name="get_LastName" signature="()" line-rate="1" branch-rate="1" complexity="1">
              <lines>
                <line number="21" hits="928" branch="False" />
              </lines>
            </method>
            <method name="get_DateOfBirth" signature="()" line-rate="1" branch-rate="1" complexity="1">
              <lines>
                <line number="22" hits="906" branch="False" />
              </lines>
            </method>
            <method name="get_Status" signature="()" line-rate="1" branch-rate="1" complexity="1">
              <lines>
                <line number="23" hits="906" branch="False" />
              </lines>
            </method>
            <method name="get_HealthCondition" signature="()" line-rate="1" branch-rate="1" complexity="1">
              <lines>
                <line number="24" hits="906" branch="False" />
              </lines>
            </method>
            <method name="get_Salary" signature="()" line-rate="1" branch-rate="1" complexity="1">
              <lines>
                <line number="25" hits="906" branch="False" />
              </lines>
            </method>
            <method name="get_Position" signature="()" line-rate="1" branch-rate="1" complexity="1">
              <lines>
                <line number="27" hits="906" branch="False" />
              </lines>
            </method>
            <method name="ToString" signature="()" line-rate="0" branch-rate="1" complexity="1">
              <lines>
                <line number="30" hits="0" branch="False" />
                <line number="31" hits="0" branch="False" />
                <line number="32" hits="0" branch="False" />
              </lines>
            </method>
            <method name="Display" signature="()" line-rate="0" branch-rate="1" complexity="1">
              <lines>
                <line number="34" hits="0" branch="False" />
                <line number="35" hits="0" branch="False" />
                <line number="36" hits="0" branch="False" />
              </lines>
            </method>
            <method name="Copy" signature="()" line-rate="0" branch-rate="1" complexity="1">
              <lines>
                <line number="38" hits="0" branch="False" />
                <line number="39" hits="0" branch="False" />
                <line number="40" hits="0" branch="False" />
              </lines>
            </method>
            <method name="GetObjectData" signature="(System.Runtime.Serialization.SerializationInfo,System.Runtime.Serialization.StreamingContext)" line-rate="0" branch-rate="1" complexity="1">
              <lines>
                <line number="42" hits="0" branch="False" />
                <line number="43" hits="0" branch="False" />
                <line number="44" hits="0" branch="False" />
                <line number="45" hits="0" branch="False" />
                <line number="46" hits="0" branch="False" />
                <line number="47" hits="0" branch="False" />
                <line number="48" hits="0" branch="False" />
                <line number="49" hits="0" branch="False" />
              </lines>
            </method>
            <method name=".ctor" signature="(System.String,System.String,System.DateTime,System.String,System.String,System.Double,System.String)" line-rate="1" branch-rate="1" complexity="1">
              <lines>
                <line number="9" hits="840" branch="False" />
                <line number="10" hits="840" branch="False" />
                <line number="11" hits="840" branch="False" />
                <line number="12" hits="840" branch="False" />
                <line number="13" hits="840" branch="False" />
                <line number="14" hits="840" branch="False" />
                <line number="15" hits="840" branch="False" />
                <line number="16" hits="840" branch="False" />
                <line number="17" hits="840" branch="False" />
                <line number="18" hits="840" branch="False" />
              </lines>
            </method>
          </methods>
          <lines>
            <line number="20" hits="929" branch="False" />
            <line number="21" hits="928" branch="False" />
            <line number="22" hits="906" branch="False" />
            <line number="23" hits="906" branch="False" />
            <line number="24" hits="906" branch="False" />
            <line number="25" hits="906" branch="False" />
            <line number="27" hits="906" branch="False" />
            <line number="30" hits="0" branch="False" />
            <line number="31" hits="0" branch="False" />
            <line number="32" hits="0" branch="False" />
            <line number="34" hits="0" branch="False" />
            <line number="35" hits="0" branch="False" />
            <line number="36" hits="0" branch="False" />
            <line number="38" hits="0" branch="False" />
            <line number="39" hits="0" branch="False" />
            <line number="40" hits="0" branch="False" />
            <line number="42" hits="0" branch="False" />
            <line number="43" hits="0" branch="False" />
            <line number="44" hits="0" branch="False" />
            <line number="45" hits="0" branch="False" />
            <line number="46" hits="0" branch="False" />
            <line number="47" hits="0" branch="False" />
            <line number="48" hits="0" branch="False" />
            <line number="49" hits="0" branch="False" />
            <line number="9" hits="840" branch="False" />
            <line number="10" hits="840" branch="False" />
            <line number="11" hits="840" branch="False" />
            <line number="12" hits="840" branch="False" />
            <line number="13" hits="840" branch="False" />
            <line number="14" hits="840" branch="False" />
            <line number="15" hits="840" branch="False" />
            <line number="16" hits="840" branch="False" />
            <line number="17" hits="840" branch="False" />
            <line number="18" hits="840" branch="False" />
          </lines>
        </class>
        <class name="DAL.Stadium" filename="Desktop\Term-Paper-main\DAL\Stadium.cs" line-rate="0.40740000000000004" branch-rate="0" complexity="10">
          <methods>
            <method name="get_Name" signature="()" line-rate="1" branch-rate="1" complexity="1">
              <lines>
                <line number="20" hits="32" branch="False" />
              </lines>
            </method>
            <method name="get_Seats" signature="()" line-rate="1" branch-rate="1" complexity="1">
              <lines>
                <line number="21" hits="32" branch="False" />
              </lines>
            </method>
            <method name="get_SeatPrice" signature="()" line-rate="1" branch-rate="1" complexity="1">
              <lines>
                <line number="22" hits="32" branch="False" />
              </lines>
            </method>
            <method name="get_Games" signature="()" line-rate="1" branch-rate="1" complexity="1">
              <lines>
                <line number="24" hits="36" branch="False" />
              </lines>
            </method>
            <method name="GetObjectData" signature="(System.Runtime.Serialization.SerializationInfo,System.Runtime.Serialization.StreamingContext)" line-rate="0" branch-rate="1" complexity="1">
              <lines>
                <line number="27" hits="0" branch="False" />
                <line number="28" hits="0" branch="False" />
                <line number="29" hits="0" branch="False" />
                <line number="30" hits="0" branch="False" />
                <line number="31" hits="0" branch="False" />
              </lines>
            </method>
            <method name="Display" signature="()" line-rate="0" branch-rate="0" complexity="2">
              <lines>
                <line number="33" hits="0" branch="False" />
                <line number="34" hits="0" branch="False" />
                <line number="35" hits="0" branch="True" condition-coverage="0% (0/2)">
                  <conditions>
                    <condition number="57" type="jump" coverage="0%" />
                  </conditions>
                </line>
                <line number="36" hits="0" branch="False" />
                <line number="37" hits="0" branch="False" />
                <line number="38" hits="0" branch="False" />
                <line number="39" hits="0" branch="False" />
                <line number="40" hits="0" branch="False" />
              </lines>
            </method>
            <method name="ToString" signature="()" line-rate="0" branch-rate="0" complexity="2">
              <lines>
                <line number="42" hits="0" branch="False" />
                <line number="43" hits="0" branch="True" condition-coverage="0% (0/2)">
                  <conditions>
                    <condition number="8" type="jump" coverage="0%" />
                  </conditions>
                </line>
                <line number="44" hits="0" branch="False" />
              </lines>
            </method>
            <method name=".ctor" signature="(System.String,System.UInt32,System.Double,System.Collections.Generic.List`1&lt;System.String&gt;)" line-rate="1" branch-rate="1" complexity="1">
              <lines>
                <line number="13" hits="30" branch="False" />
                <line number="14" hits="30" branch="False" />
                <line number="15" hits="30" branch="False" />
                <line number="16" hits="30" branch="False" />
                <line number="17" hits="30" branch="False" />
                <line number="18" hits="30" branch="False" />
                <line number="19" hits="30" branch="False" />
              </lines>
            </method>
          </methods>
          <lines>
            <line number="20" hits="32" branch="False" />
            <line number="21" hits="32" branch="False" />
            <line number="22" hits="32" branch="False" />
            <line number="24" hits="36" branch="False" />
            <line number="27" hits="0" branch="False" />
            <line number="28" hits="0" branch="False" />
            <line number="29" hits="0" branch="False" />
            <line number="30" hits="0" branch="False" />
            <line number="31" hits="0" branch="False" />
            <line number="33" hits="0" branch="False" />
            <line number="34" hits="0" branch="False" />
            <line number="35" hits="0" branch="True" condition-coverage="0% (0/2)">
              <conditions>
                <condition number="57" type="jump" coverage="0%" />
              </conditions>
            </line>
            <line number="36" hits="0" branch="False" />
            <line number="37" hits="0" branch="False" />
            <line number="38" hits="0" branch="False" />
            <line number="39" hits="0" branch="False" />
            <line number="40" hits="0" branch="False" />
            <line number="42" hits="0" branch="False" />
            <line number="43" hits="0" branch="True" condition-coverage="0% (0/2)">
              <conditions>
                <condition number="8" type="jump" coverage="0%" />
              </conditions>
            </line>
            <line number="44" hits="0" branch="False" />
            <line number="13" hits="30" branch="False" />
            <line number="14" hits="30" branch="False" />
            <line number="15" hits="30" branch="False" />
            <line number="16" hits="30" branch="False" />
            <line number="17" hits="30" branch="False" />
            <line number="18" hits="30" branch="False" />
            <line number="19" hits="30" branch="False" />
          </lines>
        </class>
        <class name="DAL.Team" filename="Desktop\Term-Paper-main\DAL\Team.cs" line-rate="0.5428000000000001" branch-rate="0.125" complexity="15">
          <methods>
            <method name="get_Name" signature="()" line-rate="1" branch-rate="1" complexity="1">
              <lines>
                <line number="21" hits="64" branch="False" />
              </lines>
            </method>
            <method name="get_Goalkeeper" signature="()" line-rate="1" branch-rate="1" complexity="1">
              <lines>
                <line number="22" hits="56" branch="False" />
              </lines>
            </method>
            <method name="get_Defenders" signature="()" line-rate="1" branch-rate="1" complexity="1">
              <lines>
                <line number="23" hits="56" branch="False" />
              </lines>
            </method>
            <method name="get_Middlefielders" signature="()" line-rate="1" branch-rate="1" complexity="1">
              <lines>
                <line number="24" hits="56" branch="False" />
              </lines>
            </method>
            <method name="get_Forwards" signature="()" line-rate="1" branch-rate="1" complexity="1">
              <lines>
                <line number="26" hits="56" branch="False" />
              </lines>
            </method>
            <method name="ToString" signature="()" line-rate="1" branch-rate="0.5" complexity="2">
              <lines>
                <line number="29" hits="8" branch="False" />
                <line number="30" hits="8" branch="True" condition-coverage="50% (1/2)">
                  <conditions>
                    <condition number="8" type="jump" coverage="50%" />
                  </conditions>
                </line>
                <line number="31" hits="8" branch="False" />
              </lines>
            </method>
            <method name="Copy" signature="()" line-rate="1" branch-rate="1" complexity="1">
              <lines>
                <line number="35" hits="4" branch="False" />
                <line number="36" hits="4" branch="False" />
                <line number="37" hits="4" branch="False" />
              </lines>
            </method>
            <method name="Display" signature="()" line-rate="0" branch-rate="0" complexity="6">
              <lines>
                <line number="40" hits="0" branch="False" />
                <line number="41" hits="0" branch="False" />
                <line number="42" hits="0" branch="True" condition-coverage="0% (0/2)">
                  <conditions>
                    <condition number="68" type="jump" coverage="0%" />
                  </conditions>
                </line>
                <line number="43" hits="0" branch="False" />
                <line number="44" hits="0" branch="False" />
                <line number="45" hits="0" branch="False" />
                <line number="46" hits="0" branch="True" condition-coverage="0% (0/2)">
                  <conditions>
                    <condition number="127" type="jump" coverage="0%" />
                  </conditions>
                </line>
                <line number="47" hits="0" branch="False" />
                <line number="48" hits="0" branch="False" />
                <line number="49" hits="0" branch="False" />
                <line number="50" hits="0" branch="True" condition-coverage="0% (0/2)">
                  <conditions>
                    <condition number="191" type="jump" coverage="0%" />
                  </conditions>
                </line>
                <line number="51" hits="0" branch="False" />
                <line number="52" hits="0" branch="False" />
                <line number="53" hits="0" branch="False" />
                <line number="55" hits="0" branch="False" />
                <line number="56" hits="0" branch="False" />
              </lines>
            </method>
            <method name=".ctor" signature="(System.String,DAL.Player,System.Collections.Generic.List`1&lt;DAL.Player&gt;,System.Collections.Generic.List`1&lt;DAL.Player&gt;,System.Collections.Generic.List`1&lt;DAL.Player&gt;)" line-rate="1" branch-rate="1" complexity="1">
              <lines>
                <line number="12" hits="52" branch="False" />
                <line number="13" hits="52" branch="False" />
                <line number="14" hits="52" branch="False" />
                <line number="15" hits="52" branch="False" />
                <line number="16" hits="52" branch="False" />
                <line number="17" hits="52" branch="False" />
                <line number="18" hits="52" branch="False" />
                <line number="19" hits="52" branch="False" />
              </lines>
            </method>
          </methods>
          <lines>
            <line number="21" hits="64" branch="False" />
            <line number="22" hits="56" branch="False" />
            <line number="23" hits="56" branch="False" />
            <line number="24" hits="56" branch="False" />
            <line number="26" hits="56" branch="False" />
            <line number="29" hits="8" branch="False" />
            <line number="30" hits="8" branch="True" condition-coverage="50% (1/2)">
              <conditions>
                <condition number="8" type="jump" coverage="50%" />
              </conditions>
            </line>
            <line number="31" hits="8" branch="False" />
            <line number="35" hits="4" branch="False" />
            <line number="36" hits="4" branch="False" />
            <line number="37" hits="4" branch="False" />
            <line number="40" hits="0" branch="False" />
            <line number="41" hits="0" branch="False" />
            <line number="42" hits="0" branch="True" condition-coverage="0% (0/2)">
              <conditions>
                <condition number="68" type="jump" coverage="0%" />
              </conditions>
            </line>
            <line number="43" hits="0" branch="False" />
            <line number="44" hits="0" branch="False" />
            <line number="45" hits="0" branch="False" />
            <line number="46" hits="0" branch="True" condition-coverage="0% (0/2)">
              <conditions>
                <condition number="127" type="jump" coverage="0%" />
              </conditions>
            </line>
            <line number="47" hits="0" branch="False" />
            <line number="48" hits="0" branch="False" />
            <line number="49" hits="0" branch="False" />
            <line number="50" hits="0" branch="True" condition-coverage="0% (0/2)">
              <conditions>
                <condition number="191" type="jump" coverage="0%" />
              </conditions>
            </line>
            <line number="51" hits="0" branch="False" />
            <line number="52" hits="0" branch="False" />
            <line number="53" hits="0" branch="False" />
            <line number="55" hits="0" branch="False" />
            <line number="56" hits="0" branch="False" />
            <line number="12" hits="52" branch="False" />
            <line number="13" hits="52" branch="False" />
            <line number="14" hits="52" branch="False" />
            <line number="15" hits="52" branch="False" />
            <line number="16" hits="52" branch="False" />
            <line number="17" hits="52" branch="False" />
            <line number="18" hits="52" branch="False" />
            <line number="19" hits="52" branch="False" />
          </lines>
        </class>
      </classes>
    </package>
  </packages>
</coverage>